<?xml version="1.0" encoding="UTF-8"?>
<testng-results ignored="0" total="1" passed="1" failed="0" skipped="0">
  <reporter-output>
  </reporter-output>
  <suite started-at="2023-10-25T21:52:57 CDT" name="Default suite" finished-at="2023-10-25T21:53:02 CDT" duration-ms="4631">
    <groups>
    </groups>
    <test started-at="2023-10-25T21:52:57 CDT" name="Default test" finished-at="2023-10-25T21:53:02 CDT" duration-ms="4631">
      <class name="test.AddCustomerTest">
        <test-method signature="userShouldBeAbleToAddCustomer()[pri:0, instance:test.AddCustomerTest@77eca502]" started-at="2023-10-25T21:52:57 CDT" name="userShouldBeAbleToAddCustomer" finished-at="2023-10-25T21:53:02 CDT" duration-ms="4609" status="PASS">
          <reporter-output>
          </reporter-output>
        </test-method> <!-- userShouldBeAbleToAddCustomer -->
      </class> <!-- test.AddCustomerTest -->
    </test> <!-- Default test -->
  </suite> <!-- Default suite -->
</testng-results>
